[debug] [2024-09-20T18:32:03.265Z] ----------------------------------------------------------------------
[debug] [2024-09-20T18:32:03.268Z] Command:       C:\Program Files\nodejs\node.exe C:\Users\ASUS TUF\AppData\Roaming\npm\node_modules\firebase-tools\lib\bin\firebase.js deploy
[debug] [2024-09-20T18:32:03.269Z] CLI Version:   13.17.0
[debug] [2024-09-20T18:32:03.269Z] Platform:      win32
[debug] [2024-09-20T18:32:03.269Z] Node Version:  v18.20.1
[debug] [2024-09-20T18:32:03.271Z] Time:          Sat Sep 21 2024 01:32:03 GMT+0700 (Indochina Time)
[debug] [2024-09-20T18:32:03.271Z] ----------------------------------------------------------------------
[debug] 
[debug] [2024-09-20T18:32:03.309Z] >>> [apiv2][query] GET https://firebase-public.firebaseio.com/cli.json [none]
[debug] [2024-09-20T18:32:03.485Z] > command requires scopes: ["email","openid","https://www.googleapis.com/auth/cloudplatformprojects.readonly","https://www.googleapis.com/auth/firebase","https://www.googleapis.com/auth/cloud-platform"]
[debug] [2024-09-20T18:32:03.486Z] > authorizing via signed-in user (daviddwiyanto79@gmail.com)
[debug] [2024-09-20T18:32:03.486Z] [iam] checking project eventconondrum for permissions ["firebase.projects.get","firebasehosting.sites.update"]
[debug] [2024-09-20T18:32:03.487Z] > refreshing access token with scopes: []
[debug] [2024-09-20T18:32:03.489Z] >>> [apiv2][query] POST https://www.googleapis.com/oauth2/v3/token [none]
[debug] [2024-09-20T18:32:03.489Z] >>> [apiv2][body] POST https://www.googleapis.com/oauth2/v3/token [omitted]
[debug] [2024-09-20T18:32:03.743Z] <<< [apiv2][status] POST https://www.googleapis.com/oauth2/v3/token 200
[debug] [2024-09-20T18:32:03.744Z] <<< [apiv2][body] POST https://www.googleapis.com/oauth2/v3/token [omitted]
[debug] [2024-09-20T18:32:04.138Z] >>> [apiv2][query] POST https://cloudresourcemanager.googleapis.com/v1/projects/eventconondrum:testIamPermissions [none]
[debug] [2024-09-20T18:32:04.138Z] >>> [apiv2][(partial)header] POST https://cloudresourcemanager.googleapis.com/v1/projects/eventconondrum:testIamPermissions x-goog-quota-user=projects/eventconondrum
[debug] [2024-09-20T18:32:04.139Z] >>> [apiv2][body] POST https://cloudresourcemanager.googleapis.com/v1/projects/eventconondrum:testIamPermissions {"permissions":["firebase.projects.get","firebasehosting.sites.update"]}
[debug] [2024-09-20T18:32:04.430Z] <<< [apiv2][status] GET https://firebase-public.firebaseio.com/cli.json 200
[debug] [2024-09-20T18:32:04.431Z] <<< [apiv2][body] GET https://firebase-public.firebaseio.com/cli.json {"cloudBuildErrorAfter":1594252800000,"cloudBuildWarnAfter":1590019200000,"defaultNode10After":1594252800000,"minVersion":"3.0.5","node8DeploysDisabledAfter":1613390400000,"node8RuntimeDisabledAfter":1615809600000,"node8WarnAfter":1600128000000}
[debug] [2024-09-20T18:32:05.445Z] <<< [apiv2][status] POST https://cloudresourcemanager.googleapis.com/v1/projects/eventconondrum:testIamPermissions 200
[debug] [2024-09-20T18:32:05.445Z] <<< [apiv2][body] POST https://cloudresourcemanager.googleapis.com/v1/projects/eventconondrum:testIamPermissions {"permissions":["firebase.projects.get","firebasehosting.sites.update"]}
[debug] [2024-09-20T18:32:05.448Z] >>> [apiv2][query] GET https://firebase.googleapis.com/v1beta1/projects/eventconondrum [none]
[debug] [2024-09-20T18:32:05.913Z] <<< [apiv2][status] GET https://firebase.googleapis.com/v1beta1/projects/eventconondrum 200
[debug] [2024-09-20T18:32:05.913Z] <<< [apiv2][body] GET https://firebase.googleapis.com/v1beta1/projects/eventconondrum {"projectId":"eventconondrum","projectNumber":"893841552353","displayName":"eventconondrum","name":"projects/eventconondrum","resources":{"hostingSite":"eventconondrum","realtimeDatabaseInstance":"eventconondrum-default-rtdb"},"state":"ACTIVE","etag":"1_d51db950-5fa8-4bc8-ab2c-fa286c954a8b"}
[debug] [2024-09-20T18:32:46.372Z] ----------------------------------------------------------------------
[debug] [2024-09-20T18:32:46.374Z] Command:       C:\Program Files\nodejs\node.exe C:\Users\ASUS TUF\AppData\Roaming\npm\node_modules\firebase-tools\lib\bin\firebase.js deploy
[debug] [2024-09-20T18:32:46.374Z] CLI Version:   13.17.0
[debug] [2024-09-20T18:32:46.375Z] Platform:      win32
[debug] [2024-09-20T18:32:46.375Z] Node Version:  v18.20.1
[debug] [2024-09-20T18:32:46.376Z] Time:          Sat Sep 21 2024 01:32:46 GMT+0700 (Indochina Time)
[debug] [2024-09-20T18:32:46.376Z] ----------------------------------------------------------------------
[debug] 
[debug] [2024-09-20T18:32:46.476Z] > command requires scopes: ["email","openid","https://www.googleapis.com/auth/cloudplatformprojects.readonly","https://www.googleapis.com/auth/firebase","https://www.googleapis.com/auth/cloud-platform"]
[debug] [2024-09-20T18:32:46.476Z] > authorizing via signed-in user (daviddwiyanto79@gmail.com)
[debug] [2024-09-20T18:32:46.476Z] [iam] checking project eventconondrum for permissions ["firebase.projects.get","firebasehosting.sites.update"]
[debug] [2024-09-20T18:32:46.479Z] >>> [apiv2][query] POST https://cloudresourcemanager.googleapis.com/v1/projects/eventconondrum:testIamPermissions [none]
[debug] [2024-09-20T18:32:46.479Z] >>> [apiv2][(partial)header] POST https://cloudresourcemanager.googleapis.com/v1/projects/eventconondrum:testIamPermissions x-goog-quota-user=projects/eventconondrum
[debug] [2024-09-20T18:32:46.480Z] >>> [apiv2][body] POST https://cloudresourcemanager.googleapis.com/v1/projects/eventconondrum:testIamPermissions {"permissions":["firebase.projects.get","firebasehosting.sites.update"]}
[debug] [2024-09-20T18:32:47.778Z] <<< [apiv2][status] POST https://cloudresourcemanager.googleapis.com/v1/projects/eventconondrum:testIamPermissions 200
[debug] [2024-09-20T18:32:47.778Z] <<< [apiv2][body] POST https://cloudresourcemanager.googleapis.com/v1/projects/eventconondrum:testIamPermissions {"permissions":["firebase.projects.get","firebasehosting.sites.update"]}
[debug] [2024-09-20T18:32:47.779Z] >>> [apiv2][query] GET https://firebase.googleapis.com/v1beta1/projects/eventconondrum [none]
[debug] [2024-09-20T18:32:48.464Z] <<< [apiv2][status] GET https://firebase.googleapis.com/v1beta1/projects/eventconondrum 200
[debug] [2024-09-20T18:32:48.465Z] <<< [apiv2][body] GET https://firebase.googleapis.com/v1beta1/projects/eventconondrum {"projectId":"eventconondrum","projectNumber":"893841552353","displayName":"eventconondrum","name":"projects/eventconondrum","resources":{"hostingSite":"eventconondrum","realtimeDatabaseInstance":"eventconondrum-default-rtdb"},"state":"ACTIVE","etag":"1_d51db950-5fa8-4bc8-ab2c-fa286c954a8b"}
[debug] [2024-09-20T18:32:59.627Z] SyntaxError: Unexpected end of JSON input
    at JSON.parse (<anonymous>)
    at findDependency (C:\Users\ASUS TUF\AppData\Roaming\npm\node_modules\firebase-tools\lib\frameworks\utils.js:188:23)
    at prepareFrameworks (C:\Users\ASUS TUF\AppData\Roaming\npm\node_modules\firebase-tools\lib\frameworks\index.js:124:67)
    at deploy (C:\Users\ASUS TUF\AppData\Roaming\npm\node_modules\firebase-tools\lib\deploy\index.js:57:54)
    at Command.actionFn (C:\Users\ASUS TUF\AppData\Roaming\npm\node_modules\firebase-tools\lib\commands\deploy.js:134:32)
    at C:\Users\ASUS TUF\AppData\Roaming\npm\node_modules\firebase-tools\lib\command.js:228:25
    at process.processTicksAndRejections (node:internal/process/task_queues:95:5)
[error] 
[error] Error: An unexpected error has occurred.
